2015-11-27 22:05:57 [ localhost-startStop-1:0 ] - [ INFO ] Root WebApplicationContext: initialization started
2015-11-27 22:05:57 [ localhost-startStop-1:132 ] - [ INFO ] Refreshing Root WebApplicationContext: startup date [Fri Nov 27 22:05:57 CST 2015]; root of context hierarchy
2015-11-27 22:05:57 [ localhost-startStop-1:230 ] - [ INFO ] Loading XML bean definitions from class path resource [conf/spring-bean.xml]
2015-11-27 22:05:57 [ localhost-startStop-1:790 ] - [ INFO ] JSR-250 'javax.annotation.ManagedBean' found and supported for component scanning
2015-11-27 22:05:57 [ localhost-startStop-1:898 ] - [ INFO ] JSR-250 'javax.annotation.ManagedBean' found and supported for component scanning
2015-11-27 22:05:57 [ localhost-startStop-1:912 ] - [ INFO ] JSR-250 'javax.annotation.ManagedBean' found and supported for component scanning
2015-11-27 22:05:57 [ localhost-startStop-1:918 ] - [ INFO ] Loading XML bean definitions from class path resource [conf/spring-mybatis.xml]
2015-11-27 22:05:58 [ localhost-startStop-1:1305 ] - [ INFO ] Loading properties file from class path resource [conf/jdbc.properties]
2015-11-27 22:05:58 [ localhost-startStop-1:1464 ] - [ INFO ] Initializing ExecutorService  'qbScheduler'
2015-11-27 22:05:58 [ localhost-startStop-1:1465 ] - [ INFO ] Bean 'qbScheduler' of type [class org.springframework.scheduling.concurrent.ThreadPoolTaskScheduler] is not eligible for getting processed by all BeanPostProcessors (for example: not eligible for auto-proxying)
2015-11-27 22:05:58 [ localhost-startStop-1:1483 ] - [ INFO ] Pre-instantiating singletons in org.springframework.beans.factory.support.DefaultListableBeanFactory@14efeb2b: defining beans [userServiceImpl,org.springframework.context.annotation.internalConfigurationAnnotationProcessor,org.springframework.context.annotation.internalAutowiredAnnotationProcessor,org.springframework.context.annotation.internalRequiredAnnotationProcessor,org.springframework.context.annotation.internalCommonAnnotationProcessor,org.springframework.scheduling.support.ScheduledMethodRunnable#0,org.springframework.scheduling.config.CronTask#0,org.springframework.scheduling.config.ContextLifecycleScheduledTaskRegistrar#0,taskJob1,taskJob2,org.springframework.context.annotation.internalAsyncAnnotationProcessor,org.springframework.context.annotation.internalScheduledAnnotationProcessor,qbScheduler,org.springframework.context.support.PropertySourcesPlaceholderConfigurer#0,dataSource,sqlSessionFactory,org.mybatis.spring.mapper.MapperScannerConfigurer#0,transactionManager,org.springframework.context.annotation.ConfigurationClassPostProcessor.importAwareProcessor,userDAO]; root of factory hierarchy
2015-11-27 22:05:59 [ localhost-startStop-1:2814 ] - [ INFO ] {dataSource-1} inited
2015-11-27 22:06:00 [ localhost-startStop-1:3785 ] - [ INFO ] Root WebApplicationContext: initialization completed in 3783 ms
2015-11-27 22:06:00 [ localhost-startStop-1:3821 ] - [ INFO ] FrameworkServlet 'spring': initialization started
2015-11-27 22:06:00 [ localhost-startStop-1:3825 ] - [ INFO ] Refreshing WebApplicationContext for namespace 'spring-servlet': startup date [Fri Nov 27 22:06:00 CST 2015]; parent: Root WebApplicationContext
2015-11-27 22:06:00 [ localhost-startStop-1:3826 ] - [ INFO ] Loading XML bean definitions from class path resource [conf/spring-mvc.xml]
2015-11-27 22:06:00 [ localhost-startStop-1:3875 ] - [ INFO ] JSR-250 'javax.annotation.ManagedBean' found and supported for component scanning
2015-11-27 22:06:01 [ localhost-startStop-1:3970 ] - [ INFO ] Pre-instantiating singletons in org.springframework.beans.factory.support.DefaultListableBeanFactory@2c917377: defining beans [org.springframework.context.annotation.internalConfigurationAnnotationProcessor,org.springframework.context.annotation.internalAutowiredAnnotationProcessor,org.springframework.context.annotation.internalRequiredAnnotationProcessor,org.springframework.context.annotation.internalCommonAnnotationProcessor,registerUserController,userController,org.springframework.web.servlet.mvc.annotation.AnnotationMethodHandlerAdapter#0,org.springframework.web.servlet.resource.DefaultServletHttpRequestHandler#0,org.springframework.web.servlet.handler.SimpleUrlHandlerMapping#0,org.springframework.web.servlet.handler.BeanNameUrlHandlerMapping,org.springframework.web.servlet.mvc.HttpRequestHandlerAdapter,org.springframework.web.servlet.mvc.SimpleControllerHandlerAdapter,jacksonMessageConverter,viewResolver,multipartResolver,exceptionResolver,org.springframework.context.annotation.ConfigurationClassPostProcessor.importAwareProcessor]; parent: org.springframework.beans.factory.support.DefaultListableBeanFactory@14efeb2b
2015-11-27 22:06:01 [ localhost-startStop-1:4512 ] - [ INFO ] Mapped URL path [/**] onto handler 'org.springframework.web.servlet.resource.DefaultServletHttpRequestHandler#0'
2015-11-27 22:06:01 [ localhost-startStop-1:4880 ] - [ INFO ] FrameworkServlet 'spring': initialization completed in 1059 ms
2015-11-27 22:07:53 [ localhost-startStop-1:0 ] - [ INFO ] Root WebApplicationContext: initialization started
2015-11-27 22:07:53 [ localhost-startStop-1:109 ] - [ INFO ] Refreshing Root WebApplicationContext: startup date [Fri Nov 27 22:07:53 CST 2015]; root of context hierarchy
2015-11-27 22:07:53 [ localhost-startStop-1:181 ] - [ INFO ] Loading XML bean definitions from class path resource [conf/spring-bean.xml]
2015-11-27 22:07:53 [ localhost-startStop-1:332 ] - [ INFO ] JSR-250 'javax.annotation.ManagedBean' found and supported for component scanning
2015-11-27 22:07:53 [ localhost-startStop-1:412 ] - [ INFO ] JSR-250 'javax.annotation.ManagedBean' found and supported for component scanning
2015-11-27 22:07:53 [ localhost-startStop-1:426 ] - [ INFO ] JSR-250 'javax.annotation.ManagedBean' found and supported for component scanning
2015-11-27 22:07:53 [ localhost-startStop-1:433 ] - [ INFO ] Loading XML bean definitions from class path resource [conf/spring-mybatis.xml]
2015-11-27 22:07:54 [ localhost-startStop-1:734 ] - [ INFO ] Loading properties file from class path resource [conf/jdbc.properties]
2015-11-27 22:07:54 [ localhost-startStop-1:826 ] - [ INFO ] Initializing ExecutorService  'qbScheduler'
2015-11-27 22:07:54 [ localhost-startStop-1:828 ] - [ INFO ] Bean 'qbScheduler' of type [class org.springframework.scheduling.concurrent.ThreadPoolTaskScheduler] is not eligible for getting processed by all BeanPostProcessors (for example: not eligible for auto-proxying)
2015-11-27 22:07:54 [ localhost-startStop-1:842 ] - [ INFO ] Pre-instantiating singletons in org.springframework.beans.factory.support.DefaultListableBeanFactory@7a056cdf: defining beans [userServiceImpl,org.springframework.context.annotation.internalConfigurationAnnotationProcessor,org.springframework.context.annotation.internalAutowiredAnnotationProcessor,org.springframework.context.annotation.internalRequiredAnnotationProcessor,org.springframework.context.annotation.internalCommonAnnotationProcessor,org.springframework.scheduling.support.ScheduledMethodRunnable#0,org.springframework.scheduling.config.CronTask#0,org.springframework.scheduling.config.ContextLifecycleScheduledTaskRegistrar#0,taskJob1,taskJob2,org.springframework.context.annotation.internalAsyncAnnotationProcessor,org.springframework.context.annotation.internalScheduledAnnotationProcessor,qbScheduler,org.springframework.context.support.PropertySourcesPlaceholderConfigurer#0,dataSource,sqlSessionFactory,org.mybatis.spring.mapper.MapperScannerConfigurer#0,transactionManager,org.springframework.context.annotation.ConfigurationClassPostProcessor.importAwareProcessor,userDAO]; root of factory hierarchy
2015-11-27 22:07:54 [ localhost-startStop-1:1314 ] - [ INFO ] {dataSource-1} inited
2015-11-27 22:07:55 [ localhost-startStop-1:1722 ] - [ INFO ] Root WebApplicationContext: initialization completed in 1721 ms
2015-11-27 22:07:55 [ localhost-startStop-1:1762 ] - [ INFO ] FrameworkServlet 'spring': initialization started
2015-11-27 22:07:55 [ localhost-startStop-1:1767 ] - [ INFO ] Refreshing WebApplicationContext for namespace 'spring-servlet': startup date [Fri Nov 27 22:07:55 CST 2015]; parent: Root WebApplicationContext
2015-11-27 22:07:55 [ localhost-startStop-1:1768 ] - [ INFO ] Loading XML bean definitions from class path resource [conf/spring-mvc.xml]
2015-11-27 22:07:55 [ localhost-startStop-1:1825 ] - [ INFO ] JSR-250 'javax.annotation.ManagedBean' found and supported for component scanning
2015-11-27 22:07:55 [ localhost-startStop-1:1942 ] - [ INFO ] Pre-instantiating singletons in org.springframework.beans.factory.support.DefaultListableBeanFactory@b130f21: defining beans [org.springframework.context.annotation.internalConfigurationAnnotationProcessor,org.springframework.context.annotation.internalAutowiredAnnotationProcessor,org.springframework.context.annotation.internalRequiredAnnotationProcessor,org.springframework.context.annotation.internalCommonAnnotationProcessor,registerUserController,userController,org.springframework.web.servlet.mvc.annotation.AnnotationMethodHandlerAdapter#0,org.springframework.web.servlet.resource.DefaultServletHttpRequestHandler#0,org.springframework.web.servlet.handler.SimpleUrlHandlerMapping#0,org.springframework.web.servlet.handler.BeanNameUrlHandlerMapping,org.springframework.web.servlet.mvc.HttpRequestHandlerAdapter,org.springframework.web.servlet.mvc.SimpleControllerHandlerAdapter,jacksonMessageConverter,viewResolver,multipartResolver,exceptionResolver,org.springframework.context.annotation.ConfigurationClassPostProcessor.importAwareProcessor]; parent: org.springframework.beans.factory.support.DefaultListableBeanFactory@7a056cdf
2015-11-27 22:07:55 [ localhost-startStop-1:2137 ] - [ INFO ] Mapped URL path [/**] onto handler 'org.springframework.web.servlet.resource.DefaultServletHttpRequestHandler#0'
2015-11-27 22:07:56 [ localhost-startStop-1:2501 ] - [ INFO ] FrameworkServlet 'spring': initialization completed in 739 ms
2015-11-27 22:11:02 [ localhost-startStop-1:0 ] - [ INFO ] Root WebApplicationContext: initialization started
2015-11-27 22:11:02 [ localhost-startStop-1:112 ] - [ INFO ] Refreshing Root WebApplicationContext: startup date [Fri Nov 27 22:11:02 CST 2015]; root of context hierarchy
2015-11-27 22:11:02 [ localhost-startStop-1:204 ] - [ INFO ] Loading XML bean definitions from class path resource [conf/spring-bean.xml]
2015-11-27 22:11:02 [ localhost-startStop-1:404 ] - [ INFO ] JSR-250 'javax.annotation.ManagedBean' found and supported for component scanning
2015-11-27 22:11:03 [ localhost-startStop-1:514 ] - [ INFO ] JSR-250 'javax.annotation.ManagedBean' found and supported for component scanning
2015-11-27 22:11:03 [ localhost-startStop-1:531 ] - [ INFO ] JSR-250 'javax.annotation.ManagedBean' found and supported for component scanning
2015-11-27 22:11:03 [ localhost-startStop-1:536 ] - [ INFO ] Loading XML bean definitions from class path resource [conf/spring-mybatis.xml]
2015-11-27 22:11:03 [ localhost-startStop-1:962 ] - [ INFO ] Loading properties file from class path resource [conf/jdbc.properties]
2015-11-27 22:11:03 [ localhost-startStop-1:1083 ] - [ INFO ] Initializing ExecutorService  'qbScheduler'
2015-11-27 22:11:03 [ localhost-startStop-1:1084 ] - [ INFO ] Bean 'qbScheduler' of type [class org.springframework.scheduling.concurrent.ThreadPoolTaskScheduler] is not eligible for getting processed by all BeanPostProcessors (for example: not eligible for auto-proxying)
2015-11-27 22:11:03 [ localhost-startStop-1:1105 ] - [ INFO ] Pre-instantiating singletons in org.springframework.beans.factory.support.DefaultListableBeanFactory@31c640f: defining beans [userServiceImpl,org.springframework.context.annotation.internalConfigurationAnnotationProcessor,org.springframework.context.annotation.internalAutowiredAnnotationProcessor,org.springframework.context.annotation.internalRequiredAnnotationProcessor,org.springframework.context.annotation.internalCommonAnnotationProcessor,org.springframework.scheduling.support.ScheduledMethodRunnable#0,org.springframework.scheduling.config.CronTask#0,org.springframework.scheduling.config.ContextLifecycleScheduledTaskRegistrar#0,taskJob1,taskJob2,org.springframework.context.annotation.internalAsyncAnnotationProcessor,org.springframework.context.annotation.internalScheduledAnnotationProcessor,qbScheduler,org.springframework.context.support.PropertySourcesPlaceholderConfigurer#0,dataSource,sqlSessionFactory,org.mybatis.spring.mapper.MapperScannerConfigurer#0,transactionManager,org.springframework.context.annotation.ConfigurationClassPostProcessor.importAwareProcessor,userDAO]; root of factory hierarchy
2015-11-27 22:11:04 [ localhost-startStop-1:1835 ] - [ INFO ] {dataSource-1} inited
2015-11-27 22:11:04 [ localhost-startStop-1:2450 ] - [ INFO ] Root WebApplicationContext: initialization completed in 2449 ms
2015-11-27 22:11:05 [ localhost-startStop-1:2506 ] - [ INFO ] FrameworkServlet 'spring': initialization started
2015-11-27 22:11:05 [ localhost-startStop-1:2513 ] - [ INFO ] Refreshing WebApplicationContext for namespace 'spring-servlet': startup date [Fri Nov 27 22:11:05 CST 2015]; parent: Root WebApplicationContext
2015-11-27 22:11:05 [ localhost-startStop-1:2516 ] - [ INFO ] Loading XML bean definitions from class path resource [conf/spring-mvc.xml]
2015-11-27 22:11:05 [ localhost-startStop-1:2575 ] - [ INFO ] JSR-250 'javax.annotation.ManagedBean' found and supported for component scanning
2015-11-27 22:11:05 [ localhost-startStop-1:2678 ] - [ INFO ] Pre-instantiating singletons in org.springframework.beans.factory.support.DefaultListableBeanFactory@21c1f85c: defining beans [org.springframework.context.annotation.internalConfigurationAnnotationProcessor,org.springframework.context.annotation.internalAutowiredAnnotationProcessor,org.springframework.context.annotation.internalRequiredAnnotationProcessor,org.springframework.context.annotation.internalCommonAnnotationProcessor,registerUserController,userController,org.springframework.web.servlet.mvc.annotation.AnnotationMethodHandlerAdapter#0,org.springframework.web.servlet.resource.DefaultServletHttpRequestHandler#0,org.springframework.web.servlet.handler.SimpleUrlHandlerMapping#0,org.springframework.web.servlet.handler.BeanNameUrlHandlerMapping,org.springframework.web.servlet.mvc.HttpRequestHandlerAdapter,org.springframework.web.servlet.mvc.SimpleControllerHandlerAdapter,jacksonMessageConverter,viewResolver,multipartResolver,exceptionResolver,org.springframework.context.annotation.ConfigurationClassPostProcessor.importAwareProcessor]; parent: org.springframework.beans.factory.support.DefaultListableBeanFactory@31c640f
2015-11-27 22:11:05 [ localhost-startStop-1:3009 ] - [ INFO ] Mapped URL path [/**] onto handler 'org.springframework.web.servlet.resource.DefaultServletHttpRequestHandler#0'
2015-11-27 22:11:05 [ localhost-startStop-1:3357 ] - [ INFO ] FrameworkServlet 'spring': initialization completed in 851 ms
2015-11-27 22:16:14 [ localhost-startStop-1:0 ] - [ INFO ] Root WebApplicationContext: initialization started
2015-11-27 22:16:14 [ localhost-startStop-1:99 ] - [ INFO ] Refreshing Root WebApplicationContext: startup date [Fri Nov 27 22:16:14 CST 2015]; root of context hierarchy
2015-11-27 22:16:15 [ localhost-startStop-1:185 ] - [ INFO ] Loading XML bean definitions from class path resource [conf/spring-bean.xml]
2015-11-27 22:16:15 [ localhost-startStop-1:457 ] - [ INFO ] JSR-250 'javax.annotation.ManagedBean' found and supported for component scanning
2015-11-27 22:16:15 [ localhost-startStop-1:566 ] - [ INFO ] JSR-250 'javax.annotation.ManagedBean' found and supported for component scanning
2015-11-27 22:16:15 [ localhost-startStop-1:582 ] - [ INFO ] JSR-250 'javax.annotation.ManagedBean' found and supported for component scanning
2015-11-27 22:16:15 [ localhost-startStop-1:588 ] - [ INFO ] Loading XML bean definitions from class path resource [conf/spring-mybatis.xml]
2015-11-27 22:16:15 [ localhost-startStop-1:909 ] - [ INFO ] Loading properties file from class path resource [conf/jdbc.properties]
2015-11-27 22:16:15 [ localhost-startStop-1:1018 ] - [ INFO ] Initializing ExecutorService  'qbScheduler'
2015-11-27 22:16:15 [ localhost-startStop-1:1020 ] - [ INFO ] Bean 'qbScheduler' of type [class org.springframework.scheduling.concurrent.ThreadPoolTaskScheduler] is not eligible for getting processed by all BeanPostProcessors (for example: not eligible for auto-proxying)
2015-11-27 22:16:15 [ localhost-startStop-1:1042 ] - [ INFO ] Pre-instantiating singletons in org.springframework.beans.factory.support.DefaultListableBeanFactory@67945c4a: defining beans [userServiceImpl,org.springframework.context.annotation.internalConfigurationAnnotationProcessor,org.springframework.context.annotation.internalAutowiredAnnotationProcessor,org.springframework.context.annotation.internalRequiredAnnotationProcessor,org.springframework.context.annotation.internalCommonAnnotationProcessor,org.springframework.scheduling.support.ScheduledMethodRunnable#0,org.springframework.scheduling.config.CronTask#0,org.springframework.scheduling.config.ContextLifecycleScheduledTaskRegistrar#0,taskJob1,taskJob2,org.springframework.context.annotation.internalAsyncAnnotationProcessor,org.springframework.context.annotation.internalScheduledAnnotationProcessor,qbScheduler,org.springframework.context.support.PropertySourcesPlaceholderConfigurer#0,dataSource,sqlSessionFactory,org.mybatis.spring.mapper.MapperScannerConfigurer#0,transactionManager,org.springframework.context.annotation.ConfigurationClassPostProcessor.importAwareProcessor,userDAO]; root of factory hierarchy
2015-11-27 22:16:16 [ localhost-startStop-1:1743 ] - [ INFO ] {dataSource-1} inited
2015-11-27 22:16:17 [ localhost-startStop-1:2449 ] - [ INFO ] Root WebApplicationContext: initialization completed in 2448 ms
2015-11-27 22:16:17 [ localhost-startStop-1:2518 ] - [ INFO ] FrameworkServlet 'spring': initialization started
2015-11-27 22:16:17 [ localhost-startStop-1:2524 ] - [ INFO ] Refreshing WebApplicationContext for namespace 'spring-servlet': startup date [Fri Nov 27 22:16:17 CST 2015]; parent: Root WebApplicationContext
2015-11-27 22:16:17 [ localhost-startStop-1:2525 ] - [ INFO ] Loading XML bean definitions from class path resource [conf/spring-mvc.xml]
2015-11-27 22:16:17 [ localhost-startStop-1:2607 ] - [ INFO ] JSR-250 'javax.annotation.ManagedBean' found and supported for component scanning
2015-11-27 22:16:17 [ localhost-startStop-1:2712 ] - [ INFO ] Pre-instantiating singletons in org.springframework.beans.factory.support.DefaultListableBeanFactory@28bd30c5: defining beans [org.springframework.context.annotation.internalConfigurationAnnotationProcessor,org.springframework.context.annotation.internalAutowiredAnnotationProcessor,org.springframework.context.annotation.internalRequiredAnnotationProcessor,org.springframework.context.annotation.internalCommonAnnotationProcessor,registerUserController,userController,org.springframework.web.servlet.mvc.annotation.AnnotationMethodHandlerAdapter#0,org.springframework.web.servlet.resource.DefaultServletHttpRequestHandler#0,org.springframework.web.servlet.handler.SimpleUrlHandlerMapping#0,org.springframework.web.servlet.handler.BeanNameUrlHandlerMapping,org.springframework.web.servlet.mvc.HttpRequestHandlerAdapter,org.springframework.web.servlet.mvc.SimpleControllerHandlerAdapter,jacksonMessageConverter,viewResolver,multipartResolver,exceptionResolver,org.springframework.context.annotation.ConfigurationClassPostProcessor.importAwareProcessor]; parent: org.springframework.beans.factory.support.DefaultListableBeanFactory@67945c4a
2015-11-27 22:16:17 [ localhost-startStop-1:2960 ] - [ INFO ] Mapped URL path [/**] onto handler 'org.springframework.web.servlet.resource.DefaultServletHttpRequestHandler#0'
2015-11-27 22:16:18 [ localhost-startStop-1:3330 ] - [ INFO ] FrameworkServlet 'spring': initialization completed in 812 ms
2015-11-27 22:24:17 [ localhost-startStop-2:483100 ] - [ INFO ] Closing WebApplicationContext for namespace 'spring-servlet': startup date [Fri Nov 27 22:16:17 CST 2015]; parent: Root WebApplicationContext
2015-11-27 22:24:17 [ localhost-startStop-2:483103 ] - [ INFO ] Destroying singletons in org.springframework.beans.factory.support.DefaultListableBeanFactory@28bd30c5: defining beans [org.springframework.context.annotation.internalConfigurationAnnotationProcessor,org.springframework.context.annotation.internalAutowiredAnnotationProcessor,org.springframework.context.annotation.internalRequiredAnnotationProcessor,org.springframework.context.annotation.internalCommonAnnotationProcessor,registerUserController,userController,org.springframework.web.servlet.mvc.annotation.AnnotationMethodHandlerAdapter#0,org.springframework.web.servlet.resource.DefaultServletHttpRequestHandler#0,org.springframework.web.servlet.handler.SimpleUrlHandlerMapping#0,org.springframework.web.servlet.handler.BeanNameUrlHandlerMapping,org.springframework.web.servlet.mvc.HttpRequestHandlerAdapter,org.springframework.web.servlet.mvc.SimpleControllerHandlerAdapter,jacksonMessageConverter,viewResolver,multipartResolver,exceptionResolver,org.springframework.context.annotation.ConfigurationClassPostProcessor.importAwareProcessor]; parent: org.springframework.beans.factory.support.DefaultListableBeanFactory@67945c4a
2015-11-27 22:24:18 [ localhost-startStop-2:483167 ] - [ INFO ] Closing Root WebApplicationContext: startup date [Fri Nov 27 22:16:14 CST 2015]; root of context hierarchy
2015-11-27 22:24:18 [ localhost-startStop-2:483168 ] - [ INFO ] Destroying singletons in org.springframework.beans.factory.support.DefaultListableBeanFactory@67945c4a: defining beans [userServiceImpl,org.springframework.context.annotation.internalConfigurationAnnotationProcessor,org.springframework.context.annotation.internalAutowiredAnnotationProcessor,org.springframework.context.annotation.internalRequiredAnnotationProcessor,org.springframework.context.annotation.internalCommonAnnotationProcessor,org.springframework.scheduling.support.ScheduledMethodRunnable#0,org.springframework.scheduling.config.CronTask#0,org.springframework.scheduling.config.ContextLifecycleScheduledTaskRegistrar#0,taskJob1,taskJob2,org.springframework.context.annotation.internalAsyncAnnotationProcessor,org.springframework.context.annotation.internalScheduledAnnotationProcessor,qbScheduler,org.springframework.context.support.PropertySourcesPlaceholderConfigurer#0,dataSource,sqlSessionFactory,org.mybatis.spring.mapper.MapperScannerConfigurer#0,transactionManager,org.springframework.context.annotation.ConfigurationClassPostProcessor.importAwareProcessor,userDAO]; root of factory hierarchy
2015-11-27 22:24:18 [ localhost-startStop-2:483205 ] - [ INFO ] {dataSource-1} closed
2015-11-27 22:24:18 [ localhost-startStop-2:483206 ] - [ INFO ] Shutting down ExecutorService 'qbScheduler'
2015-11-27 22:25:08 [ localhost-startStop-1:0 ] - [ INFO ] Root WebApplicationContext: initialization started
2015-11-27 22:25:08 [ localhost-startStop-1:145 ] - [ INFO ] Refreshing Root WebApplicationContext: startup date [Fri Nov 27 22:25:08 CST 2015]; root of context hierarchy
2015-11-27 22:25:09 [ localhost-startStop-1:233 ] - [ INFO ] Loading XML bean definitions from class path resource [conf/spring-bean.xml]
2015-11-27 22:25:09 [ localhost-startStop-1:465 ] - [ INFO ] JSR-250 'javax.annotation.ManagedBean' found and supported for component scanning
2015-11-27 22:25:09 [ localhost-startStop-1:581 ] - [ INFO ] JSR-250 'javax.annotation.ManagedBean' found and supported for component scanning
2015-11-27 22:25:09 [ localhost-startStop-1:601 ] - [ INFO ] JSR-250 'javax.annotation.ManagedBean' found and supported for component scanning
2015-11-27 22:25:09 [ localhost-startStop-1:607 ] - [ INFO ] Loading XML bean definitions from class path resource [conf/spring-mybatis.xml]
2015-11-27 22:25:09 [ localhost-startStop-1:938 ] - [ INFO ] Loading properties file from class path resource [conf/jdbc.properties]
2015-11-27 22:25:09 [ localhost-startStop-1:1100 ] - [ INFO ] Initializing ExecutorService  'qbScheduler'
2015-11-27 22:25:09 [ localhost-startStop-1:1101 ] - [ INFO ] Bean 'qbScheduler' of type [class org.springframework.scheduling.concurrent.ThreadPoolTaskScheduler] is not eligible for getting processed by all BeanPostProcessors (for example: not eligible for auto-proxying)
2015-11-27 22:25:09 [ localhost-startStop-1:1125 ] - [ INFO ] Pre-instantiating singletons in org.springframework.beans.factory.support.DefaultListableBeanFactory@1ccf566e: defining beans [userServiceImpl,org.springframework.context.annotation.internalConfigurationAnnotationProcessor,org.springframework.context.annotation.internalAutowiredAnnotationProcessor,org.springframework.context.annotation.internalRequiredAnnotationProcessor,org.springframework.context.annotation.internalCommonAnnotationProcessor,org.springframework.scheduling.support.ScheduledMethodRunnable#0,org.springframework.scheduling.config.CronTask#0,org.springframework.scheduling.config.ContextLifecycleScheduledTaskRegistrar#0,taskJob1,taskJob2,org.springframework.context.annotation.internalAsyncAnnotationProcessor,org.springframework.context.annotation.internalScheduledAnnotationProcessor,qbScheduler,org.springframework.context.support.PropertySourcesPlaceholderConfigurer#0,dataSource,sqlSessionFactory,org.mybatis.spring.mapper.MapperScannerConfigurer#0,transactionManager,org.springframework.context.annotation.ConfigurationClassPostProcessor.importAwareProcessor,userDAO]; root of factory hierarchy
2015-11-27 22:25:10 [ localhost-startStop-1:1780 ] - [ INFO ] {dataSource-1} inited
2015-11-27 22:25:11 [ localhost-startStop-1:2435 ] - [ INFO ] Root WebApplicationContext: initialization completed in 2435 ms
2015-11-27 22:25:11 [ localhost-startStop-1:2505 ] - [ INFO ] FrameworkServlet 'spring': initialization started
2015-11-27 22:25:11 [ localhost-startStop-1:2510 ] - [ INFO ] Refreshing WebApplicationContext for namespace 'spring-servlet': startup date [Fri Nov 27 22:25:11 CST 2015]; parent: Root WebApplicationContext
2015-11-27 22:25:11 [ localhost-startStop-1:2514 ] - [ INFO ] Loading XML bean definitions from class path resource [conf/spring-mvc.xml]
2015-11-27 22:25:11 [ localhost-startStop-1:2566 ] - [ INFO ] JSR-250 'javax.annotation.ManagedBean' found and supported for component scanning
2015-11-27 22:25:11 [ localhost-startStop-1:2635 ] - [ INFO ] Pre-instantiating singletons in org.springframework.beans.factory.support.DefaultListableBeanFactory@42941c1f: defining beans [org.springframework.context.annotation.internalConfigurationAnnotationProcessor,org.springframework.context.annotation.internalAutowiredAnnotationProcessor,org.springframework.context.annotation.internalRequiredAnnotationProcessor,org.springframework.context.annotation.internalCommonAnnotationProcessor,registerUserController,userController,org.springframework.web.servlet.mvc.annotation.AnnotationMethodHandlerAdapter#0,jacksonMessageConverter,viewResolver,multipartResolver,exceptionResolver,org.springframework.context.annotation.ConfigurationClassPostProcessor.importAwareProcessor]; parent: org.springframework.beans.factory.support.DefaultListableBeanFactory@1ccf566e
2015-11-27 22:25:12 [ localhost-startStop-1:3364 ] - [ INFO ] Mapped URL path [/register/registerCustomer] onto handler 'registerUserController'
2015-11-27 22:25:12 [ localhost-startStop-1:3364 ] - [ INFO ] Mapped URL path [/register/registerCustomer.*] onto handler 'registerUserController'
2015-11-27 22:25:12 [ localhost-startStop-1:3364 ] - [ INFO ] Mapped URL path [/register/registerCustomer/] onto handler 'registerUserController'
2015-11-27 22:25:12 [ localhost-startStop-1:3364 ] - [ INFO ] Mapped URL path [/register/redirectRegisterPage] onto handler 'registerUserController'
2015-11-27 22:25:12 [ localhost-startStop-1:3364 ] - [ INFO ] Mapped URL path [/register/redirectRegisterPage.*] onto handler 'registerUserController'
2015-11-27 22:25:12 [ localhost-startStop-1:3364 ] - [ INFO ] Mapped URL path [/register/redirectRegisterPage/] onto handler 'registerUserController'
2015-11-27 22:25:12 [ localhost-startStop-1:3364 ] - [ INFO ] Mapped URL path [/register/fileUpload] onto handler 'registerUserController'
2015-11-27 22:25:12 [ localhost-startStop-1:3364 ] - [ INFO ] Mapped URL path [/register/fileUpload.*] onto handler 'registerUserController'
2015-11-27 22:25:12 [ localhost-startStop-1:3364 ] - [ INFO ] Mapped URL path [/register/fileUpload/] onto handler 'registerUserController'
2015-11-27 22:25:12 [ localhost-startStop-1:3364 ] - [ INFO ] Mapped URL path [/register/ajax/getCity] onto handler 'registerUserController'
2015-11-27 22:25:12 [ localhost-startStop-1:3364 ] - [ INFO ] Mapped URL path [/register/ajax/getCity.*] onto handler 'registerUserController'
2015-11-27 22:25:12 [ localhost-startStop-1:3364 ] - [ INFO ] Mapped URL path [/register/ajax/getCity/] onto handler 'registerUserController'
2015-11-27 22:25:12 [ localhost-startStop-1:3365 ] - [ INFO ] Mapped URL path [/index.do] onto handler 'userController'
2015-11-27 22:25:12 [ localhost-startStop-1:3365 ] - [ INFO ] Mapped URL path [/login.do] onto handler 'userController'
2015-11-27 22:25:12 [ localhost-startStop-1:3365 ] - [ INFO ] Mapped URL path [/findUserList.do] onto handler 'userController'
2015-11-27 22:25:12 [ localhost-startStop-1:3382 ] - [ INFO ] FrameworkServlet 'spring': initialization completed in 877 ms
2015-11-27 22:26:59 [ http-bio-8080-exec-7:110591 ] - [ INFO ] hasMatchUser  is  starting............  name= wesley
2015-11-27 22:26:59 [ http-bio-8080-exec-7:111181 ] - [ INFO ] 我是logger1，info
2015-11-27 22:27:00 [ http-bio-8080-exec-7:111370 ] - [ WARN ] 我是logger1，warn
2015-11-27 22:27:00 [ http-bio-8080-exec-7:111548 ] - [ ERROR ] 我是logger1，error
2015-11-27 22:27:03 [ http-bio-8080-exec-7:115130 ] - [ FATAL ] 我是logger1，fatal
